c:\users\kwasi\desktop\semestr 4\grafika komputerowa\chujciwdupekonrad\opengl-rope-master\opengl-rope-master\szescian\debug\vc141.pdb
c:\users\kwasi\desktop\semestr 4\grafika komputerowa\chujciwdupekonrad\opengl-rope-master\opengl-rope-master\szescian\debug\vc141.idb
c:\users\kwasi\desktop\semestr 4\grafika komputerowa\chujciwdupekonrad\opengl-rope-master\opengl-rope-master\szescian\debug\swiatlo.obj
c:\users\kwasi\desktop\semestr 4\grafika komputerowa\chujciwdupekonrad\opengl-rope-master\opengl-rope-master\szescian\debug\source.obj
c:\users\kwasi\desktop\semestr 4\grafika komputerowa\chujciwdupekonrad\opengl-rope-master\opengl-rope-master\szescian\debug\menu.obj
c:\users\kwasi\desktop\semestr 4\grafika komputerowa\chujciwdupekonrad\opengl-rope-master\opengl-rope-master\szescian\debug\gl_template.obj
e:\documents\github\opengl_grafika_project\szescian\debug\vc141.pdb
e:\documents\github\opengl_grafika_project\szescian\debug\vc141.idb
e:\documents\github\opengl_grafika_project\szescian\debug\swiatlo.obj
e:\documents\github\opengl_grafika_project\szescian\debug\source.obj
e:\documents\github\opengl_grafika_project\szescian\debug\menu.obj
e:\documents\github\opengl_grafika_project\szescian\debug\gl_template.obj
c:\users\kwasi\desktop\semestr 4\grafika komputerowa\chujciwdupekonrad\opengl-rope-master\opengl-rope-master\debug\szescian.exe
c:\users\kwasi\desktop\semestr 4\grafika komputerowa\chujciwdupekonrad\opengl-rope-master\opengl-rope-master\debug\szescian.ilk
c:\users\kwasi\desktop\semestr 4\grafika komputerowa\chujciwdupekonrad\opengl-rope-master\opengl-rope-master\debug\szescian.pdb
e:\documents\github\opengl_grafika_project\debug\szescian.exe
e:\documents\github\opengl_grafika_project\debug\szescian.ilk
e:\documents\github\opengl_grafika_project\debug\szescian.pdb
e:\documents\github\opengl_grafika_project\szescian\debug\source.obj.enc
e:\documents\github\opengl_grafika_project\szescian\debug\szescian.tlog\cl.command.1.tlog
e:\documents\github\opengl_grafika_project\szescian\debug\szescian.tlog\cl.read.1.tlog
e:\documents\github\opengl_grafika_project\szescian\debug\szescian.tlog\cl.write.1.tlog
e:\documents\github\opengl_grafika_project\szescian\debug\szescian.tlog\link.command.1.tlog
e:\documents\github\opengl_grafika_project\szescian\debug\szescian.tlog\link.read.1.tlog
e:\documents\github\opengl_grafika_project\szescian\debug\szescian.tlog\link.write.1.tlog
